
*** Running vivado
    with args -log led_blink.vdi -applog -m64 -product Vivado -messageDb vivado.pb -mode batch -source led_blink.tcl -notrace


ECHO is off.
ECHO is off.

****** Vivado v2023.1 (64-bit)
  **** SW Build 3865809 on Sun May  7 15:05:29 MDT 2023
  **** IP Build 3864474 on Sun May  7 20:36:21 MDT 2023
  **** SharedData Build 3865790 on Sun May 07 13:33:03 MDT 2023
    ** Copyright 1986-2022 Xilinx, Inc. All Rights Reserved.
    ** Copyright 2022-2023 Advanced Micro Devices, Inc. All Rights Reserved.

source led_blink.tcl -notrace
create_project: Time (s): cpu = 00:00:08 ; elapsed = 00:00:08 . Memory (MB): peak = 463.102 ; gain = 198.145
Command: link_design -top led_blink -part xc7z020clg400-1
Design is defaulting to srcset: sources_1
Design is defaulting to constrset: constrs_1
INFO: [Device 21-403] Loading part xc7z020clg400-1
Netlist sorting complete. Time (s): cpu = 00:00:00 ; elapsed = 00:00:00 . Memory (MB): peak = 898.309 ; gain = 0.000
INFO: [Netlist 29-17] Analyzing 6 Unisim elements for replacement
INFO: [Netlist 29-28] Unisim Transformation completed in 0 CPU seconds
INFO: [Project 1-479] Netlist was created with Vivado 2023.1
INFO: [Project 1-570] Preparing netlist for logic optimization
Parsing XDC File [C:/Users/DHBK/Blink_4_led/Blink_4_led.srcs/constrs_1/new/IO.xdc]
WARNING: [Vivado 12-584] No ports matched 'sw[0]'. [C:/Users/DHBK/Blink_4_led/Blink_4_led.srcs/constrs_1/new/IO.xdc:8]
CRITICAL WARNING: [Common 17-55] 'set_property' expects at least one object. [C:/Users/DHBK/Blink_4_led/Blink_4_led.srcs/constrs_1/new/IO.xdc:8]
Resolution: If [get_<value>] was used to populate the object, check to make sure this command returns at least one valid object.
WARNING: [Vivado 12-584] No ports matched 'sw[1]'. [C:/Users/DHBK/Blink_4_led/Blink_4_led.srcs/constrs_1/new/IO.xdc:9]
CRITICAL WARNING: [Common 17-55] 'set_property' expects at least one object. [C:/Users/DHBK/Blink_4_led/Blink_4_led.srcs/constrs_1/new/IO.xdc:9]
Resolution: If [get_<value>] was used to populate the object, check to make sure this command returns at least one valid object.
WARNING: [Vivado 12-584] No ports matched 'led4_b'. [C:/Users/DHBK/Blink_4_led/Blink_4_led.srcs/constrs_1/new/IO.xdc:13]
CRITICAL WARNING: [Common 17-55] 'set_property' expects at least one object. [C:/Users/DHBK/Blink_4_led/Blink_4_led.srcs/constrs_1/new/IO.xdc:13]
Resolution: If [get_<value>] was used to populate the object, check to make sure this command returns at least one valid object.
WARNING: [Vivado 12-584] No ports matched 'led4_g'. [C:/Users/DHBK/Blink_4_led/Blink_4_led.srcs/constrs_1/new/IO.xdc:14]
CRITICAL WARNING: [Common 17-55] 'set_property' expects at least one object. [C:/Users/DHBK/Blink_4_led/Blink_4_led.srcs/constrs_1/new/IO.xdc:14]
Resolution: If [get_<value>] was used to populate the object, check to make sure this command returns at least one valid object.
WARNING: [Vivado 12-584] No ports matched 'led4_r'. [C:/Users/DHBK/Blink_4_led/Blink_4_led.srcs/constrs_1/new/IO.xdc:15]
CRITICAL WARNING: [Common 17-55] 'set_property' expects at least one object. [C:/Users/DHBK/Blink_4_led/Blink_4_led.srcs/constrs_1/new/IO.xdc:15]
Resolution: If [get_<value>] was used to populate the object, check to make sure this command returns at least one valid object.
WARNING: [Vivado 12-584] No ports matched 'led5_b'. [C:/Users/DHBK/Blink_4_led/Blink_4_led.srcs/constrs_1/new/IO.xdc:16]
CRITICAL WARNING: [Common 17-55] 'set_property' expects at least one object. [C:/Users/DHBK/Blink_4_led/Blink_4_led.srcs/constrs_1/new/IO.xdc:16]
Resolution: If [get_<value>] was used to populate the object, check to make sure this command returns at least one valid object.
WARNING: [Vivado 12-584] No ports matched 'led5_g'. [C:/Users/DHBK/Blink_4_led/Blink_4_led.srcs/constrs_1/new/IO.xdc:17]
CRITICAL WARNING: [Common 17-55] 'set_property' expects at least one object. [C:/Users/DHBK/Blink_4_led/Blink_4_led.srcs/constrs_1/new/IO.xdc:17]
Resolution: If [get_<value>] was used to populate the object, check to make sure this command returns at least one valid object.
WARNING: [Vivado 12-584] No ports matched 'led5_r'. [C:/Users/DHBK/Blink_4_led/Blink_4_led.srcs/constrs_1/new/IO.xdc:18]
CRITICAL WARNING: [Common 17-55] 'set_property' expects at least one object. [C:/Users/DHBK/Blink_4_led/Blink_4_led.srcs/constrs_1/new/IO.xdc:18]
Resolution: If [get_<value>] was used to populate the object, check to make sure this command returns at least one valid object.
WARNING: [Vivado 12-584] No ports matched 'btn[0]'. [C:/Users/DHBK/Blink_4_led/Blink_4_led.srcs/constrs_1/new/IO.xdc:29]
CRITICAL WARNING: [Common 17-55] 'set_property' expects at least one object. [C:/Users/DHBK/Blink_4_led/Blink_4_led.srcs/constrs_1/new/IO.xdc:29]
Resolution: If [get_<value>] was used to populate the object, check to make sure this command returns at least one valid object.
WARNING: [Vivado 12-584] No ports matched 'btn[1]'. [C:/Users/DHBK/Blink_4_led/Blink_4_led.srcs/constrs_1/new/IO.xdc:30]
CRITICAL WARNING: [Common 17-55] 'set_property' expects at least one object. [C:/Users/DHBK/Blink_4_led/Blink_4_led.srcs/constrs_1/new/IO.xdc:30]
Resolution: If [get_<value>] was used to populate the object, check to make sure this command returns at least one valid object.
WARNING: [Vivado 12-584] No ports matched 'btn[2]'. [C:/Users/DHBK/Blink_4_led/Blink_4_led.srcs/constrs_1/new/IO.xdc:31]
CRITICAL WARNING: [Common 17-55] 'set_property' expects at least one object. [C:/Users/DHBK/Blink_4_led/Blink_4_led.srcs/constrs_1/new/IO.xdc:31]
Resolution: If [get_<value>] was used to populate the object, check to make sure this command returns at least one valid object.
WARNING: [Vivado 12-584] No ports matched 'btn[3]'. [C:/Users/DHBK/Blink_4_led/Blink_4_led.srcs/constrs_1/new/IO.xdc:32]
CRITICAL WARNING: [Common 17-55] 'set_property' expects at least one object. [C:/Users/DHBK/Blink_4_led/Blink_4_led.srcs/constrs_1/new/IO.xdc:32]
Resolution: If [get_<value>] was used to populate the object, check to make sure this command returns at least one valid object.
Finished Parsing XDC File [C:/Users/DHBK/Blink_4_led/Blink_4_led.srcs/constrs_1/new/IO.xdc]
INFO: [Opt 31-138] Pushed 0 inverter(s) to 0 load pin(s).
Netlist sorting complete. Time (s): cpu = 00:00:00 ; elapsed = 00:00:00 . Memory (MB): peak = 1034.395 ; gain = 0.000
INFO: [Project 1-111] Unisim Transformation Summary:
No Unisim elements were transformed.

7 Infos, 12 Warnings, 12 Critical Warnings and 0 Errors encountered.
link_design completed successfully
link_design: Time (s): cpu = 00:00:06 ; elapsed = 00:00:07 . Memory (MB): peak = 1038.430 ; gain = 566.172
Command: opt_design
Attempting to get a license for feature 'Implementation' and/or device 'xc7z020'
INFO: [Common 17-349] Got license for feature 'Implementation' and/or device 'xc7z020'
Running DRC as a precondition to command opt_design

Starting DRC Task
INFO: [DRC 23-27] Running DRC with 2 threads
INFO: [Project 1-461] DRC finished with 0 Errors
INFO: [Project 1-462] Please refer to the DRC report (report_drc) for more information.

Time (s): cpu = 00:00:02 ; elapsed = 00:00:00.979 . Memory (MB): peak = 1059.379 ; gain = 20.949

Starting Cache Timing Information Task
INFO: [Timing 38-35] Done setting XDC timing constraints.
Ending Cache Timing Information Task | Checksum: 116b13e3a

Time (s): cpu = 00:00:09 ; elapsed = 00:00:10 . Memory (MB): peak = 1572.996 ; gain = 513.617

Starting Logic Optimization Task

Phase 1 Retarget
INFO: [Opt 31-138] Pushed 0 inverter(s) to 0 load pin(s).
INFO: [Opt 31-49] Retargeted 0 cell(s).
Phase 1 Retarget | Checksum: 116b13e3a

Time (s): cpu = 00:00:00 ; elapsed = 00:00:00.009 . Memory (MB): peak = 1910.426 ; gain = 0.000
INFO: [Opt 31-389] Phase Retarget created 0 cells and removed 0 cells

Phase 2 Constant propagation
INFO: [Opt 31-138] Pushed 0 inverter(s) to 0 load pin(s).
Phase 2 Constant propagation | Checksum: 116b13e3a

Time (s): cpu = 00:00:00 ; elapsed = 00:00:00.010 . Memory (MB): peak = 1910.426 ; gain = 0.000
INFO: [Opt 31-389] Phase Constant propagation created 0 cells and removed 0 cells

Phase 3 Sweep
Phase 3 Sweep | Checksum: 135762a2a

Time (s): cpu = 00:00:00 ; elapsed = 00:00:00.012 . Memory (MB): peak = 1910.426 ; gain = 0.000
INFO: [Opt 31-389] Phase Sweep created 1 cells and removed 0 cells

Phase 4 BUFG optimization
Phase 4 BUFG optimization | Checksum: 135762a2a

Time (s): cpu = 00:00:00 ; elapsed = 00:00:00.043 . Memory (MB): peak = 1910.426 ; gain = 0.000
INFO: [Opt 31-662] Phase BUFG optimization created 0 cells of which 0 are BUFGs and removed 0 cells.

Phase 5 Shift Register Optimization
INFO: [Opt 31-1064] SRL Remap converted 0 SRLs to 0 registers and converted 0 registers of register chains to 0 SRLs
Phase 5 Shift Register Optimization | Checksum: 142759772

Time (s): cpu = 00:00:00 ; elapsed = 00:00:00.052 . Memory (MB): peak = 1910.426 ; gain = 0.000
INFO: [Opt 31-389] Phase Shift Register Optimization created 0 cells and removed 0 cells

Phase 6 Post Processing Netlist
Phase 6 Post Processing Netlist | Checksum: 142759772

Time (s): cpu = 00:00:00 ; elapsed = 00:00:00.052 . Memory (MB): peak = 1910.426 ; gain = 0.000
INFO: [Opt 31-389] Phase Post Processing Netlist created 0 cells and removed 0 cells
Opt_design Change Summary
=========================


-------------------------------------------------------------------------------------------------------------------------
|  Phase                        |  #Cells created  |  #Cells Removed  |  #Constrained objects preventing optimizations  |
-------------------------------------------------------------------------------------------------------------------------
|  Retarget                     |               0  |               0  |                                              0  |
|  Constant propagation         |               0  |               0  |                                              0  |
|  Sweep                        |               1  |               0  |                                              0  |
|  BUFG optimization            |               0  |               0  |                                              0  |
|  Shift Register Optimization  |               0  |               0  |                                              0  |
|  Post Processing Netlist      |               0  |               0  |                                              0  |
-------------------------------------------------------------------------------------------------------------------------



Starting Connectivity Check Task

Time (s): cpu = 00:00:00 ; elapsed = 00:00:00 . Memory (MB): peak = 1910.426 ; gain = 0.000
Ending Logic Optimization Task | Checksum: 142759772

Time (s): cpu = 00:00:00 ; elapsed = 00:00:00.054 . Memory (MB): peak = 1910.426 ; gain = 0.000

Starting Power Optimization Task
INFO: [Pwropt 34-132] Skipping clock gating for clocks with a period < 2.00 ns.
Ending Power Optimization Task | Checksum: 142759772

Time (s): cpu = 00:00:00 ; elapsed = 00:00:00.008 . Memory (MB): peak = 1910.426 ; gain = 0.000

Starting Final Cleanup Task
Ending Final Cleanup Task | Checksum: 142759772

Time (s): cpu = 00:00:00 ; elapsed = 00:00:00 . Memory (MB): peak = 1910.426 ; gain = 0.000

Starting Netlist Obfuscation Task
Netlist sorting complete. Time (s): cpu = 00:00:00 ; elapsed = 00:00:00 . Memory (MB): peak = 1910.426 ; gain = 0.000
Ending Netlist Obfuscation Task | Checksum: 142759772

Time (s): cpu = 00:00:00 ; elapsed = 00:00:00.001 . Memory (MB): peak = 1910.426 ; gain = 0.000
INFO: [Common 17-83] Releasing license: Implementation
24 Infos, 12 Warnings, 12 Critical Warnings and 0 Errors encountered.
opt_design completed successfully
opt_design: Time (s): cpu = 00:00:14 ; elapsed = 00:00:14 . Memory (MB): peak = 1910.426 ; gain = 871.996
INFO: [runtcl-4] Executing : report_drc -file led_blink_drc_opted.rpt -pb led_blink_drc_opted.pb -rpx led_blink_drc_opted.rpx
Command: report_drc -file led_blink_drc_opted.rpt -pb led_blink_drc_opted.pb -rpx led_blink_drc_opted.rpx
INFO: [IP_Flow 19-234] Refreshing IP repositories
INFO: [IP_Flow 19-1704] No user IP repositories specified
INFO: [IP_Flow 19-2313] Loaded Vivado IP repository 'C:/Xilinx/Vivado/2023.1/data/ip'.
INFO: [DRC 23-27] Running DRC with 2 threads
INFO: [Vivado_Tcl 2-168] The results of DRC are in file C:/Users/DHBK/Blink_4_led/Blink_4_led.runs/impl_1/led_blink_drc_opted.rpt.
report_drc completed successfully
INFO: [Timing 38-480] Writing timing data to binary archive.
Writing XDEF routing.
Writing XDEF routing logical nets.
Writing XDEF routing special nets.
Write XDEF Complete: Time (s): cpu = 00:00:00 ; elapsed = 00:00:00.041 . Memory (MB): peak = 1910.426 ; gain = 0.000
INFO: [Common 17-1381] The checkpoint 'C:/Users/DHBK/Blink_4_led/Blink_4_led.runs/impl_1/led_blink_opt.dcp' has been generated.
Command: place_design
Attempting to get a license for feature 'Implementation' and/or device 'xc7z020'
INFO: [Common 17-349] Got license for feature 'Implementation' and/or device 'xc7z020'
INFO: [DRC 23-27] Running DRC with 2 threads
INFO: [Vivado_Tcl 4-198] DRC finished with 0 Errors
INFO: [Vivado_Tcl 4-199] Please refer to the DRC report (report_drc) for more information.
Running DRC as a precondition to command place_design
INFO: [DRC 23-27] Running DRC with 2 threads
INFO: [Vivado_Tcl 4-198] DRC finished with 0 Errors
INFO: [Vivado_Tcl 4-199] Please refer to the DRC report (report_drc) for more information.

Starting Placer Task
INFO: [Place 30-611] Multithreading enabled for place_design using a maximum of 2 CPUs

Phase 1 Placer Initialization

Phase 1.1 Placer Initialization Netlist Sorting
Netlist sorting complete. Time (s): cpu = 00:00:00 ; elapsed = 00:00:00 . Memory (MB): peak = 1910.426 ; gain = 0.000
Phase 1.1 Placer Initialization Netlist Sorting | Checksum: 64a94d75

Time (s): cpu = 00:00:00 ; elapsed = 00:00:00.007 . Memory (MB): peak = 1910.426 ; gain = 0.000
Netlist sorting complete. Time (s): cpu = 00:00:00 ; elapsed = 00:00:00 . Memory (MB): peak = 1910.426 ; gain = 0.000

Phase 1.2 IO Placement/ Clock Placement/ Build Placer Device
INFO: [Timing 38-35] Done setting XDC timing constraints.
Phase 1.2 IO Placement/ Clock Placement/ Build Placer Device | Checksum: 156a72897

Time (s): cpu = 00:00:00 ; elapsed = 00:00:00.314 . Memory (MB): peak = 1910.426 ; gain = 0.000

Phase 1.3 Build Placer Netlist Model
Phase 1.3 Build Placer Netlist Model | Checksum: 1ccd11cbd

Time (s): cpu = 00:00:01 ; elapsed = 00:00:00.382 . Memory (MB): peak = 1910.426 ; gain = 0.000

Phase 1.4 Constrain Clocks/Macros
Phase 1.4 Constrain Clocks/Macros | Checksum: 1ccd11cbd

Time (s): cpu = 00:00:01 ; elapsed = 00:00:00.384 . Memory (MB): peak = 1910.426 ; gain = 0.000
Phase 1 Placer Initialization | Checksum: 1ccd11cbd

Time (s): cpu = 00:00:01 ; elapsed = 00:00:00.386 . Memory (MB): peak = 1910.426 ; gain = 0.000

Phase 2 Global Placement

Phase 2.1 Floorplanning
Phase 2.1 Floorplanning | Checksum: 23302defb

Time (s): cpu = 00:00:01 ; elapsed = 00:00:00.466 . Memory (MB): peak = 1910.426 ; gain = 0.000

Phase 2.2 Update Timing before SLR Path Opt
Phase 2.2 Update Timing before SLR Path Opt | Checksum: 220dccf7a

Time (s): cpu = 00:00:01 ; elapsed = 00:00:00.517 . Memory (MB): peak = 1910.426 ; gain = 0.000

Phase 2.3 Post-Processing in Floorplanning
Phase 2.3 Post-Processing in Floorplanning | Checksum: 220dccf7a

Time (s): cpu = 00:00:01 ; elapsed = 00:00:00.518 . Memory (MB): peak = 1910.426 ; gain = 0.000

Phase 2.4 Global Placement Core

Phase 2.4.1 UpdateTiming Before Physical Synthesis
Phase 2.4.1 UpdateTiming Before Physical Synthesis | Checksum: 1ad7dd67f

Time (s): cpu = 00:00:02 ; elapsed = 00:00:01 . Memory (MB): peak = 1910.426 ; gain = 0.000

Phase 2.4.2 Physical Synthesis In Placer
INFO: [Physopt 32-1044] Break lutnm for timing: one critical 0, two critical 0, total 0, new lutff created 0
INFO: [Physopt 32-1138] End 1 Pass. Optimized 0 net or LUT. Breaked 0 LUT, combined 0 existing LUT and moved 0 existing LUT
INFO: [Physopt 32-65] No nets found for high-fanout optimization.
INFO: [Physopt 32-232] Optimized 0 net. Created 0 new instance.
INFO: [Physopt 32-775] End 1 Pass. Optimized 0 net or cell. Created 0 new cell, deleted 0 existing cell and moved 0 existing cell
INFO: [Physopt 32-670] No setup violation found.  DSP Register Optimization was not performed.
INFO: [Physopt 32-670] No setup violation found.  Shift Register to Pipeline Optimization was not performed.
INFO: [Physopt 32-670] No setup violation found.  Shift Register Optimization was not performed.
INFO: [Physopt 32-670] No setup violation found.  BRAM Register Optimization was not performed.
INFO: [Physopt 32-670] No setup violation found.  URAM Register Optimization was not performed.
INFO: [Physopt 32-949] No candidate nets found for dynamic/static region interface net replication
INFO: [Physopt 32-775] End 1 Pass. Optimized 0 net or cell. Created 0 new cell, deleted 0 existing cell and moved 0 existing cell
Netlist sorting complete. Time (s): cpu = 00:00:00 ; elapsed = 00:00:00 . Memory (MB): peak = 1910.426 ; gain = 0.000

Summary of Physical Synthesis Optimizations
============================================


-----------------------------------------------------------------------------------------------------------------------------------------------------------
|  Optimization                                     |  Added Cells  |  Removed Cells  |  Optimized Cells/Nets  |  Dont Touch  |  Iterations  |  Elapsed   |
-----------------------------------------------------------------------------------------------------------------------------------------------------------
|  LUT Combining                                    |            0  |              0  |                     0  |           0  |           1  |  00:00:00  |
|  Retime                                           |            0  |              0  |                     0  |           0  |           1  |  00:00:00  |
|  Very High Fanout                                 |            0  |              0  |                     0  |           0  |           1  |  00:00:00  |
|  DSP Register                                     |            0  |              0  |                     0  |           0  |           0  |  00:00:00  |
|  Shift Register to Pipeline                       |            0  |              0  |                     0  |           0  |           0  |  00:00:00  |
|  Shift Register                                   |            0  |              0  |                     0  |           0  |           0  |  00:00:00  |
|  BRAM Register                                    |            0  |              0  |                     0  |           0  |           0  |  00:00:00  |
|  URAM Register                                    |            0  |              0  |                     0  |           0  |           0  |  00:00:00  |
|  Dynamic/Static Region Interface Net Replication  |            0  |              0  |                     0  |           0  |           1  |  00:00:00  |
|  Total                                            |            0  |              0  |                     0  |           0  |           4  |  00:00:00  |
-----------------------------------------------------------------------------------------------------------------------------------------------------------


Phase 2.4.2 Physical Synthesis In Placer | Checksum: 1ad7dd67f

Time (s): cpu = 00:00:02 ; elapsed = 00:00:01 . Memory (MB): peak = 1910.426 ; gain = 0.000
Phase 2.4 Global Placement Core | Checksum: 246484eca

Time (s): cpu = 00:00:02 ; elapsed = 00:00:01 . Memory (MB): peak = 1910.426 ; gain = 0.000
Phase 2 Global Placement | Checksum: 246484eca

Time (s): cpu = 00:00:02 ; elapsed = 00:00:01 . Memory (MB): peak = 1910.426 ; gain = 0.000

Phase 3 Detail Placement

Phase 3.1 Commit Multi Column Macros
Phase 3.1 Commit Multi Column Macros | Checksum: 1cfb530b1

Time (s): cpu = 00:00:02 ; elapsed = 00:00:01 . Memory (MB): peak = 1910.426 ; gain = 0.000

Phase 3.2 Commit Most Macros & LUTRAMs
Phase 3.2 Commit Most Macros & LUTRAMs | Checksum: 17974c640

Time (s): cpu = 00:00:02 ; elapsed = 00:00:01 . Memory (MB): peak = 1910.426 ; gain = 0.000

Phase 3.3 Area Swap Optimization
Phase 3.3 Area Swap Optimization | Checksum: 17d62bc6c

Time (s): cpu = 00:00:02 ; elapsed = 00:00:01 . Memory (MB): peak = 1910.426 ; gain = 0.000

Phase 3.4 Pipeline Register Optimization
Phase 3.4 Pipeline Register Optimization | Checksum: 19ae5e5fe

Time (s): cpu = 00:00:02 ; elapsed = 00:00:01 . Memory (MB): peak = 1910.426 ; gain = 0.000

Phase 3.5 Small Shape Detail Placement
Phase 3.5 Small Shape Detail Placement | Checksum: 15c5ef0b6

Time (s): cpu = 00:00:02 ; elapsed = 00:00:01 . Memory (MB): peak = 1910.426 ; gain = 0.000

Phase 3.6 Re-assign LUT pins
Phase 3.6 Re-assign LUT pins | Checksum: 15c5ef0b6

Time (s): cpu = 00:00:02 ; elapsed = 00:00:01 . Memory (MB): peak = 1910.426 ; gain = 0.000

Phase 3.7 Pipeline Register Optimization
Phase 3.7 Pipeline Register Optimization | Checksum: 141e24b24

Time (s): cpu = 00:00:02 ; elapsed = 00:00:01 . Memory (MB): peak = 1910.426 ; gain = 0.000
Phase 3 Detail Placement | Checksum: 141e24b24

Time (s): cpu = 00:00:02 ; elapsed = 00:00:01 . Memory (MB): peak = 1910.426 ; gain = 0.000

Phase 4 Post Placement Optimization and Clean-Up

Phase 4.1 Post Commit Optimization
INFO: [Timing 38-35] Done setting XDC timing constraints.

Phase 4.1.1 Post Placement Optimization
Post Placement Optimization Initialization | Checksum: 163c36c27

Phase 4.1.1.1 BUFG Insertion

Starting Physical Synthesis Task

Phase 1 Physical Synthesis Initialization
INFO: [Physopt 32-721] Multithreading enabled for phys_opt_design using a maximum of 2 CPUs
INFO: [Physopt 32-619] Estimated Timing Summary | WNS=7.741 | TNS=0.000 |
Phase 1 Physical Synthesis Initialization | Checksum: 181469d65

Time (s): cpu = 00:00:00 ; elapsed = 00:00:00.010 . Memory (MB): peak = 1917.098 ; gain = 0.000
INFO: [Place 46-56] BUFG insertion identified 0 candidate nets. Inserted BUFG: 0, Replicated BUFG Driver: 0, Skipped due to Placement/Routing Conflicts: 0, Skipped due to Timing Degradation: 0, Skipped due to netlist editing failed: 0.
Ending Physical Synthesis Task | Checksum: 181469d65

Time (s): cpu = 00:00:00 ; elapsed = 00:00:00.011 . Memory (MB): peak = 1917.098 ; gain = 0.000
Phase 4.1.1.1 BUFG Insertion | Checksum: 163c36c27

Time (s): cpu = 00:00:02 ; elapsed = 00:00:01 . Memory (MB): peak = 1917.098 ; gain = 6.672

Phase 4.1.1.2 Post Placement Timing Optimization
INFO: [Place 30-746] Post Placement Timing Summary WNS=7.741. For the most accurate timing information please run report_timing.
Phase 4.1.1.2 Post Placement Timing Optimization | Checksum: 112305e1e

Time (s): cpu = 00:00:02 ; elapsed = 00:00:01 . Memory (MB): peak = 1917.098 ; gain = 6.672

Time (s): cpu = 00:00:02 ; elapsed = 00:00:01 . Memory (MB): peak = 1917.098 ; gain = 6.672
Phase 4.1 Post Commit Optimization | Checksum: 112305e1e

Time (s): cpu = 00:00:02 ; elapsed = 00:00:01 . Memory (MB): peak = 1917.098 ; gain = 6.672

Phase 4.2 Post Placement Cleanup
Phase 4.2 Post Placement Cleanup | Checksum: 112305e1e

Time (s): cpu = 00:00:02 ; elapsed = 00:00:01 . Memory (MB): peak = 1917.098 ; gain = 6.672

Phase 4.3 Placer Reporting

Phase 4.3.1 Print Estimated Congestion
INFO: [Place 30-612] Post-Placement Estimated Congestion 
 ____________________________________________________
|           | Global Congestion | Short Congestion  |
| Direction | Region Size       | Region Size       |
|___________|___________________|___________________|
|      North|                1x1|                1x1|
|___________|___________________|___________________|
|      South|                1x1|                1x1|
|___________|___________________|___________________|
|       East|                1x1|                1x1|
|___________|___________________|___________________|
|       West|                1x1|                1x1|
|___________|___________________|___________________|

Phase 4.3.1 Print Estimated Congestion | Checksum: 112305e1e

Time (s): cpu = 00:00:02 ; elapsed = 00:00:01 . Memory (MB): peak = 1917.098 ; gain = 6.672
Phase 4.3 Placer Reporting | Checksum: 112305e1e

Time (s): cpu = 00:00:02 ; elapsed = 00:00:01 . Memory (MB): peak = 1917.098 ; gain = 6.672

Phase 4.4 Final Placement Cleanup
Netlist sorting complete. Time (s): cpu = 00:00:00 ; elapsed = 00:00:00 . Memory (MB): peak = 1917.098 ; gain = 0.000

Time (s): cpu = 00:00:02 ; elapsed = 00:00:01 . Memory (MB): peak = 1917.098 ; gain = 6.672
Phase 4 Post Placement Optimization and Clean-Up | Checksum: cd2ebd5e

Time (s): cpu = 00:00:02 ; elapsed = 00:00:01 . Memory (MB): peak = 1917.098 ; gain = 6.672
Ending Placer Task | Checksum: 5e78b2a8

Time (s): cpu = 00:00:02 ; elapsed = 00:00:01 . Memory (MB): peak = 1917.098 ; gain = 6.672
INFO: [Common 17-83] Releasing license: Implementation
60 Infos, 12 Warnings, 12 Critical Warnings and 0 Errors encountered.
place_design completed successfully
INFO: [runtcl-4] Executing : report_io -file led_blink_io_placed.rpt
report_io: Time (s): cpu = 00:00:00 ; elapsed = 00:00:00.048 . Memory (MB): peak = 1917.098 ; gain = 0.000
INFO: [runtcl-4] Executing : report_utilization -file led_blink_utilization_placed.rpt -pb led_blink_utilization_placed.pb
INFO: [runtcl-4] Executing : report_control_sets -verbose -file led_blink_control_sets_placed.rpt
report_control_sets: Time (s): cpu = 00:00:00 ; elapsed = 00:00:00.001 . Memory (MB): peak = 1917.098 ; gain = 0.000
INFO: [Timing 38-480] Writing timing data to binary archive.
Writing XDEF routing.
Writing XDEF routing logical nets.
Writing XDEF routing special nets.
Write XDEF Complete: Time (s): cpu = 00:00:01 ; elapsed = 00:00:00.042 . Memory (MB): peak = 1917.113 ; gain = 0.016
INFO: [Common 17-1381] The checkpoint 'C:/Users/DHBK/Blink_4_led/Blink_4_led.runs/impl_1/led_blink_placed.dcp' has been generated.
Command: phys_opt_design
Attempting to get a license for feature 'Implementation' and/or device 'xc7z020'
INFO: [Common 17-349] Got license for feature 'Implementation' and/or device 'xc7z020'

Starting Initial Update Timing Task

Time (s): cpu = 00:00:00 ; elapsed = 00:00:00.014 . Memory (MB): peak = 1919.488 ; gain = 2.375
INFO: [Vivado_Tcl 4-383] Design worst setup slack (WNS) is greater than or equal to 0.000 ns. Skipping all physical synthesis optimizations.
INFO: [Vivado_Tcl 4-232] No setup violation found. The netlist was not modified.
INFO: [Common 17-83] Releasing license: Implementation
69 Infos, 12 Warnings, 12 Critical Warnings and 0 Errors encountered.
phys_opt_design completed successfully
INFO: [Timing 38-480] Writing timing data to binary archive.
Writing XDEF routing.
Writing XDEF routing logical nets.
Writing XDEF routing special nets.
Write XDEF Complete: Time (s): cpu = 00:00:00 ; elapsed = 00:00:00.042 . Memory (MB): peak = 1937.355 ; gain = 14.875
INFO: [Common 17-1381] The checkpoint 'C:/Users/DHBK/Blink_4_led/Blink_4_led.runs/impl_1/led_blink_physopt.dcp' has been generated.
Command: route_design
Attempting to get a license for feature 'Implementation' and/or device 'xc7z020'
INFO: [Common 17-349] Got license for feature 'Implementation' and/or device 'xc7z020'
Running DRC as a precondition to command route_design
INFO: [DRC 23-27] Running DRC with 2 threads
INFO: [Vivado_Tcl 4-198] DRC finished with 0 Errors
INFO: [Vivado_Tcl 4-199] Please refer to the DRC report (report_drc) for more information.


Starting Routing Task
INFO: [Route 35-254] Multithreading enabled for route_design using a maximum of 2 CPUs

Phase 1 Build RT Design
Checksum: PlaceDB: 2097dfd5 ConstDB: 0 ShapeSum: 3de0d2d3 RouteDB: 0
Post Restoration Checksum: NetGraph: 6fe992a5 | NumContArr: 34dacf7c | Constraints: 190a55ad | Timing: 0
Phase 1 Build RT Design | Checksum: bdceb7ce

Time (s): cpu = 00:00:29 ; elapsed = 00:00:27 . Memory (MB): peak = 2033.121 ; gain = 86.688

Phase 2 Router Initialization

Phase 2.1 Fix Topology Constraints
Phase 2.1 Fix Topology Constraints | Checksum: bdceb7ce

Time (s): cpu = 00:00:29 ; elapsed = 00:00:27 . Memory (MB): peak = 2033.121 ; gain = 86.688

Phase 2.2 Pre Route Cleanup
Phase 2.2 Pre Route Cleanup | Checksum: bdceb7ce

Time (s): cpu = 00:00:29 ; elapsed = 00:00:27 . Memory (MB): peak = 2033.121 ; gain = 86.688
 Number of Nodes with overlaps = 0

Phase 2.3 Update Timing
Phase 2.3 Update Timing | Checksum: 1c180b3ca

Time (s): cpu = 00:00:29 ; elapsed = 00:00:27 . Memory (MB): peak = 2052.129 ; gain = 105.695
INFO: [Route 35-416] Intermediate Timing Summary | WNS=7.587  | TNS=0.000  | WHS=-0.072 | THS=-0.313 |


Router Utilization Summary
  Global Vertical Routing Utilization    = 0 %
  Global Horizontal Routing Utilization  = 0 %
  Routable Net Status*
  *Does not include unroutable nets such as driverless and loadless.
  Run report_route_status for detailed report.
  Number of Failed Nets               = 33
    (Failed Nets is the sum of unrouted and partially routed nets)
  Number of Unrouted Nets             = 33
  Number of Partially Routed Nets     = 0
  Number of Node Overlaps             = 0

Phase 2 Router Initialization | Checksum: 2080a7e48

Time (s): cpu = 00:00:29 ; elapsed = 00:00:27 . Memory (MB): peak = 2052.129 ; gain = 105.695

Phase 3 Initial Routing

Phase 3.1 Global Routing
Phase 3.1 Global Routing | Checksum: 2080a7e48

Time (s): cpu = 00:00:29 ; elapsed = 00:00:27 . Memory (MB): peak = 2052.129 ; gain = 105.695
 Number of Nodes with overlaps = 0
Phase 3 Initial Routing | Checksum: 125e53c4b

Time (s): cpu = 00:00:30 ; elapsed = 00:00:27 . Memory (MB): peak = 2052.129 ; gain = 105.695

Phase 4 Rip-up And Reroute

Phase 4.1 Global Iteration 0
INFO: [Route 35-416] Intermediate Timing Summary | WNS=7.312  | TNS=0.000  | WHS=N/A    | THS=N/A    |

Phase 4.1 Global Iteration 0 | Checksum: 119ae5241

Time (s): cpu = 00:00:30 ; elapsed = 00:00:27 . Memory (MB): peak = 2052.129 ; gain = 105.695
Phase 4 Rip-up And Reroute | Checksum: 119ae5241

Time (s): cpu = 00:00:30 ; elapsed = 00:00:27 . Memory (MB): peak = 2052.129 ; gain = 105.695

Phase 5 Delay and Skew Optimization

Phase 5.1 Delay CleanUp
Phase 5.1 Delay CleanUp | Checksum: 119ae5241

Time (s): cpu = 00:00:30 ; elapsed = 00:00:27 . Memory (MB): peak = 2052.129 ; gain = 105.695

Phase 5.2 Clock Skew Optimization
Phase 5.2 Clock Skew Optimization | Checksum: 119ae5241

Time (s): cpu = 00:00:30 ; elapsed = 00:00:27 . Memory (MB): peak = 2052.129 ; gain = 105.695
Phase 5 Delay and Skew Optimization | Checksum: 119ae5241

Time (s): cpu = 00:00:30 ; elapsed = 00:00:27 . Memory (MB): peak = 2052.129 ; gain = 105.695

Phase 6 Post Hold Fix

Phase 6.1 Hold Fix Iter

Phase 6.1.1 Update Timing
Phase 6.1.1 Update Timing | Checksum: c33204f0

Time (s): cpu = 00:00:30 ; elapsed = 00:00:27 . Memory (MB): peak = 2052.129 ; gain = 105.695
INFO: [Route 35-416] Intermediate Timing Summary | WNS=7.467  | TNS=0.000  | WHS=0.237  | THS=0.000  |

Phase 6.1 Hold Fix Iter | Checksum: c33204f0

Time (s): cpu = 00:00:30 ; elapsed = 00:00:27 . Memory (MB): peak = 2052.129 ; gain = 105.695
Phase 6 Post Hold Fix | Checksum: c33204f0

Time (s): cpu = 00:00:30 ; elapsed = 00:00:27 . Memory (MB): peak = 2052.129 ; gain = 105.695

Phase 7 Route finalize

Router Utilization Summary
  Global Vertical Routing Utilization    = 0.00134617 %
  Global Horizontal Routing Utilization  = 0.0010142 %
  Routable Net Status*
  *Does not include unroutable nets such as driverless and loadless.
  Run report_route_status for detailed report.
  Number of Failed Nets               = 0
    (Failed Nets is the sum of unrouted and partially routed nets)
  Number of Unrouted Nets             = 0
  Number of Partially Routed Nets     = 0
  Number of Node Overlaps             = 0

Phase 7 Route finalize | Checksum: c33204f0

Time (s): cpu = 00:00:30 ; elapsed = 00:00:27 . Memory (MB): peak = 2052.129 ; gain = 105.695

Phase 8 Verifying routed nets

 Verification completed successfully
Phase 8 Verifying routed nets | Checksum: c33204f0

Time (s): cpu = 00:00:30 ; elapsed = 00:00:27 . Memory (MB): peak = 2052.129 ; gain = 105.695

Phase 9 Depositing Routes
Phase 9 Depositing Routes | Checksum: b5ff3108

Time (s): cpu = 00:00:30 ; elapsed = 00:00:27 . Memory (MB): peak = 2052.129 ; gain = 105.695

Phase 10 Post Router Timing
INFO: [Route 35-57] Estimated Timing Summary | WNS=7.467  | TNS=0.000  | WHS=0.237  | THS=0.000  |

INFO: [Route 35-327] The final timing numbers are based on the router estimated timing analysis. For a complete and accurate timing signoff, please run report_timing_summary.
Phase 10 Post Router Timing | Checksum: b5ff3108

Time (s): cpu = 00:00:30 ; elapsed = 00:00:27 . Memory (MB): peak = 2052.129 ; gain = 105.695
INFO: [Route 35-16] Router Completed Successfully

Phase 11 Post-Route Event Processing
Phase 11 Post-Route Event Processing | Checksum: f1bc733e

Time (s): cpu = 00:00:30 ; elapsed = 00:00:27 . Memory (MB): peak = 2052.129 ; gain = 105.695

Time (s): cpu = 00:00:30 ; elapsed = 00:00:27 . Memory (MB): peak = 2052.129 ; gain = 105.695

Routing Is Done.
INFO: [Common 17-83] Releasing license: Implementation
83 Infos, 12 Warnings, 12 Critical Warnings and 0 Errors encountered.
route_design completed successfully
route_design: Time (s): cpu = 00:00:31 ; elapsed = 00:00:28 . Memory (MB): peak = 2052.129 ; gain = 114.773
INFO: [runtcl-4] Executing : report_drc -file led_blink_drc_routed.rpt -pb led_blink_drc_routed.pb -rpx led_blink_drc_routed.rpx
Command: report_drc -file led_blink_drc_routed.rpt -pb led_blink_drc_routed.pb -rpx led_blink_drc_routed.rpx
INFO: [IP_Flow 19-1839] IP Catalog is up to date.
INFO: [DRC 23-27] Running DRC with 2 threads
INFO: [Vivado_Tcl 2-168] The results of DRC are in file C:/Users/DHBK/Blink_4_led/Blink_4_led.runs/impl_1/led_blink_drc_routed.rpt.
report_drc completed successfully
INFO: [runtcl-4] Executing : report_methodology -file led_blink_methodology_drc_routed.rpt -pb led_blink_methodology_drc_routed.pb -rpx led_blink_methodology_drc_routed.rpx
Command: report_methodology -file led_blink_methodology_drc_routed.rpt -pb led_blink_methodology_drc_routed.pb -rpx led_blink_methodology_drc_routed.rpx
INFO: [Timing 38-35] Done setting XDC timing constraints.
INFO: [DRC 23-133] Running Methodology with 2 threads
INFO: [Vivado_Tcl 2-1520] The results of Report Methodology are in file C:/Users/DHBK/Blink_4_led/Blink_4_led.runs/impl_1/led_blink_methodology_drc_routed.rpt.
report_methodology completed successfully
INFO: [runtcl-4] Executing : report_power -file led_blink_power_routed.rpt -pb led_blink_power_summary_routed.pb -rpx led_blink_power_routed.rpx
Command: report_power -file led_blink_power_routed.rpt -pb led_blink_power_summary_routed.pb -rpx led_blink_power_routed.rpx
INFO: [Timing 38-35] Done setting XDC timing constraints.
Running Vector-less Activity Propagation...

Finished Running Vector-less Activity Propagation
93 Infos, 12 Warnings, 12 Critical Warnings and 0 Errors encountered.
report_power completed successfully
INFO: [runtcl-4] Executing : report_route_status -file led_blink_route_status.rpt -pb led_blink_route_status.pb
INFO: [runtcl-4] Executing : report_timing_summary -max_paths 10 -report_unconstrained -file led_blink_timing_summary_routed.rpt -pb led_blink_timing_summary_routed.pb -rpx led_blink_timing_summary_routed.rpx -warn_on_violation 
INFO: [Timing 38-91] UpdateTimingParams: Speed grade: -1, Delay Type: min_max.
INFO: [Timing 38-191] Multithreading enabled for timing update using a maximum of 2 CPUs
INFO: [runtcl-4] Executing : report_incremental_reuse -file led_blink_incremental_reuse_routed.rpt
INFO: [Vivado_Tcl 4-1062] Incremental flow is disabled. No incremental reuse Info to report.
INFO: [runtcl-4] Executing : report_clock_utilization -file led_blink_clock_utilization_routed.rpt
INFO: [runtcl-4] Executing : report_bus_skew -warn_on_violation -file led_blink_bus_skew_routed.rpt -pb led_blink_bus_skew_routed.pb -rpx led_blink_bus_skew_routed.rpx
INFO: [Timing 38-91] UpdateTimingParams: Speed grade: -1, Delay Type: min_max.
INFO: [Timing 38-191] Multithreading enabled for timing update using a maximum of 2 CPUs
INFO: [Timing 38-480] Writing timing data to binary archive.
Writing XDEF routing.
Writing XDEF routing logical nets.
Writing XDEF routing special nets.
Write XDEF Complete: Time (s): cpu = 00:00:00 ; elapsed = 00:00:00.041 . Memory (MB): peak = 2084.965 ; gain = 0.000
INFO: [Common 17-1381] The checkpoint 'C:/Users/DHBK/Blink_4_led/Blink_4_led.runs/impl_1/led_blink_routed.dcp' has been generated.
Command: write_bitstream -force led_blink.bit
Attempting to get a license for feature 'Implementation' and/or device 'xc7z020'
INFO: [Common 17-349] Got license for feature 'Implementation' and/or device 'xc7z020'
Running DRC as a precondition to command write_bitstream
INFO: [IP_Flow 19-1839] IP Catalog is up to date.
INFO: [DRC 23-27] Running DRC with 2 threads
WARNING: [DRC ZPS7-1] PS7 block required: The PS7 cell must be used in this Zynq design in order to enable correct default configuration.
INFO: [Vivado 12-3199] DRC finished with 0 Errors, 1 Warnings
INFO: [Vivado 12-3200] Please refer to the DRC report (report_drc) for more information.
INFO: [Designutils 20-2272] Running write_bitstream with 2 threads.
Loading data files...
Loading site data...
Loading route data...
Processing options...
Creating bitmap...
Creating bitstream...
Writing bitstream ./led_blink.bit...
INFO: [Vivado 12-1842] Bitgen Completed Successfully.
INFO: [Project 1-1876] WebTalk data collection is mandatory when using a ULT device. To see the specific WebTalk data collected for your design, open the usage_statistics_webtalk.html or usage_statistics_webtalk.xml file in the implementation directory.
INFO: [Common 17-83] Releasing license: Implementation
14 Infos, 1 Warnings, 0 Critical Warnings and 0 Errors encountered.
write_bitstream completed successfully
write_bitstream: Time (s): cpu = 00:00:13 ; elapsed = 00:00:11 . Memory (MB): peak = 2625.164 ; gain = 540.199
INFO: [Common 17-206] Exiting Vivado at Tue Dec  5 22:19:48 2023...
